Determining if the Q_WS_WIN exist failed with the following output:
Change Dir: /home/pablo/robocomp/components/Proyecto-Robotica/MoraloMorgado/chocaGira/CMakeFiles/CMakeTmp

Run Build Command:/usr/bin/make "cmTryCompileExec3413481392/fast"
/usr/bin/make -f CMakeFiles/cmTryCompileExec3413481392.dir/build.make CMakeFiles/cmTryCompileExec3413481392.dir/build
make[1]: se ingresa al directorio «/home/pablo/robocomp/components/Proyecto-Robotica/MoraloMorgado/chocaGira/CMakeFiles/CMakeTmp»
/usr/bin/cmake -E cmake_progress_report /home/pablo/robocomp/components/Proyecto-Robotica/MoraloMorgado/chocaGira/CMakeFiles/CMakeTmp/CMakeFiles 1
Building CXX object CMakeFiles/cmTryCompileExec3413481392.dir/CheckSymbolExists.cxx.o
/usr/bin/c++    -I/usr/include/qt4    -o CMakeFiles/cmTryCompileExec3413481392.dir/CheckSymbolExists.cxx.o -c /home/pablo/robocomp/components/Proyecto-Robotica/MoraloMorgado/chocaGira/CMakeFiles/CMakeTmp/CheckSymbolExists.cxx
/home/pablo/robocomp/components/Proyecto-Robotica/MoraloMorgado/chocaGira/CMakeFiles/CMakeTmp/CheckSymbolExists.cxx: In function ‘int main(int, char**)’:
/home/pablo/robocomp/components/Proyecto-Robotica/MoraloMorgado/chocaGira/CMakeFiles/CMakeTmp/CheckSymbolExists.cxx:8:19: error: ‘Q_WS_WIN’ was not declared in this scope
   return ((int*)(&Q_WS_WIN))[argc];
                   ^~~~~~~~
make[1]: se sale del directorio «/home/pablo/robocomp/components/Proyecto-Robotica/MoraloMorgado/chocaGira/CMakeFiles/CMakeTmp»
make[1]: *** [CMakeFiles/cmTryCompileExec3413481392.dir/CheckSymbolExists.cxx.o] Error 1
make: *** [cmTryCompileExec3413481392/fast] Error 2

File /home/pablo/robocomp/components/Proyecto-Robotica/MoraloMorgado/chocaGira/CMakeFiles/CMakeTmp/CheckSymbolExists.cxx:
/* */
#include <QtCore/qglobal.h>

int main(int argc, char** argv)
{
  (void)argv;
#ifndef Q_WS_WIN
  return ((int*)(&Q_WS_WIN))[argc];
#else
  (void)argc;
  return 0;
#endif
}

Determining if the Q_WS_QWS exist failed with the following output:
Change Dir: /home/pablo/robocomp/components/Proyecto-Robotica/MoraloMorgado/chocaGira/CMakeFiles/CMakeTmp

Run Build Command:/usr/bin/make "cmTryCompileExec2796067066/fast"
/usr/bin/make -f CMakeFiles/cmTryCompileExec2796067066.dir/build.make CMakeFiles/cmTryCompileExec2796067066.dir/build
make[1]: se ingresa al directorio «/home/pablo/robocomp/components/Proyecto-Robotica/MoraloMorgado/chocaGira/CMakeFiles/CMakeTmp»
/usr/bin/cmake -E cmake_progress_report /home/pablo/robocomp/components/Proyecto-Robotica/MoraloMorgado/chocaGira/CMakeFiles/CMakeTmp/CMakeFiles 1
Building CXX object CMakeFiles/cmTryCompileExec2796067066.dir/CheckSymbolExists.cxx.o
/usr/bin/c++    -I/usr/include/qt4    -o CMakeFiles/cmTryCompileExec2796067066.dir/CheckSymbolExists.cxx.o -c /home/pablo/robocomp/components/Proyecto-Robotica/MoraloMorgado/chocaGira/CMakeFiles/CMakeTmp/CheckSymbolExists.cxx
/home/pablo/robocomp/components/Proyecto-Robotica/MoraloMorgado/chocaGira/CMakeFiles/CMakeTmp/CheckSymbolExists.cxx: In function ‘int main(int, char**)’:
/home/pablo/robocomp/components/Proyecto-Robotica/MoraloMorgado/chocaGira/CMakeFiles/CMakeTmp/CheckSymbolExists.cxx:8:19: error: ‘Q_WS_QWS’ was not declared in this scope
   return ((int*)(&Q_WS_QWS))[argc];
                   ^~~~~~~~
make[1]: *** [CMakeFiles/cmTryCompileExec2796067066.dir/CheckSymbolExists.cxx.o] Error 1
make[1]: se sale del directorio «/home/pablo/robocomp/components/Proyecto-Robotica/MoraloMorgado/chocaGira/CMakeFiles/CMakeTmp»
make: *** [cmTryCompileExec2796067066/fast] Error 2

File /home/pablo/robocomp/components/Proyecto-Robotica/MoraloMorgado/chocaGira/CMakeFiles/CMakeTmp/CheckSymbolExists.cxx:
/* */
#include <QtCore/qglobal.h>

int main(int argc, char** argv)
{
  (void)argv;
#ifndef Q_WS_QWS
  return ((int*)(&Q_WS_QWS))[argc];
#else
  (void)argc;
  return 0;
#endif
}

Determining if the Q_WS_MAC exist failed with the following output:
Change Dir: /home/pablo/robocomp/components/Proyecto-Robotica/MoraloMorgado/chocaGira/CMakeFiles/CMakeTmp

Run Build Command:/usr/bin/make "cmTryCompileExec3530116183/fast"
/usr/bin/make -f CMakeFiles/cmTryCompileExec3530116183.dir/build.make CMakeFiles/cmTryCompileExec3530116183.dir/build
make[1]: se ingresa al directorio «/home/pablo/robocomp/components/Proyecto-Robotica/MoraloMorgado/chocaGira/CMakeFiles/CMakeTmp»
/usr/bin/cmake -E cmake_progress_report /home/pablo/robocomp/components/Proyecto-Robotica/MoraloMorgado/chocaGira/CMakeFiles/CMakeTmp/CMakeFiles 1
Building CXX object CMakeFiles/cmTryCompileExec3530116183.dir/CheckSymbolExists.cxx.o
/usr/bin/c++    -I/usr/include/qt4    -o CMakeFiles/cmTryCompileExec3530116183.dir/CheckSymbolExists.cxx.o -c /home/pablo/robocomp/components/Proyecto-Robotica/MoraloMorgado/chocaGira/CMakeFiles/CMakeTmp/CheckSymbolExists.cxx
/home/pablo/robocomp/components/Proyecto-Robotica/MoraloMorgado/chocaGira/CMakeFiles/CMakeTmp/CheckSymbolExists.cxx: In function ‘int main(int, char**)’:
/home/pablo/robocomp/components/Proyecto-Robotica/MoraloMorgado/chocaGira/CMakeFiles/CMakeTmp/CheckSymbolExists.cxx:8:19: error: ‘Q_WS_MAC’ was not declared in this scope
   return ((int*)(&Q_WS_MAC))[argc];
                   ^~~~~~~~
make[1]: *** [CMakeFiles/cmTryCompileExec3530116183.dir/CheckSymbolExists.cxx.o] Error 1
make[1]: se sale del directorio «/home/pablo/robocomp/components/Proyecto-Robotica/MoraloMorgado/chocaGira/CMakeFiles/CMakeTmp»
make: *** [cmTryCompileExec3530116183/fast] Error 2

File /home/pablo/robocomp/components/Proyecto-Robotica/MoraloMorgado/chocaGira/CMakeFiles/CMakeTmp/CheckSymbolExists.cxx:
/* */
#include <QtCore/qglobal.h>

int main(int argc, char** argv)
{
  (void)argv;
#ifndef Q_WS_MAC
  return ((int*)(&Q_WS_MAC))[argc];
#else
  (void)argc;
  return 0;
#endif
}

